<?xml version="1.0" encoding="UTF-8"?>
<!-- Generated by org.testng.reporters.JUnitXMLReporter -->
<testsuite ignored="0" hostname="julianbenny" failures="0" tests="4" name="Default test" time="56.414" errors="0" timestamp="04 Jul 2021 06:05:10 GMT">
  <testcase classname="in.redbus.tests.HomePageButtons" name="busHireButton" time="3.56"/>
  <testcase classname="in.redbus.tests.HomePageButtons" name="helpButton" time="1.995"/>
  <testcase classname="in.redbus.tests.HomePageButtons" name="rPoolButton" time="1.725"/>
  <testcase classname="in.redbus.tests.HomePageButtons" name="redbusButtonFunctionality" time="4.329"/>
</testsuite> <!-- Default test -->
