<?xml version="1.0" encoding="UTF-8"?>
<!-- Generated by org.testng.reporters.JUnitXMLReporter -->
<testsuite ignored="3" hostname="julianbenny" failures="0" tests="1" name="Default test" time="64.053" errors="0" timestamp="10 Aug 2021 07:23:11 GMT">
  <testcase classname="in.redbus.tests.BusHire" name="validOutstation" time="37.228"/>
  <testcase classname="in.redbus.tests.BusHire" name="validLocal" time="0.0">
    <ignored/>
  </testcase> <!-- validLocal -->
  <testcase classname="in.redbus.tests.BusHire" name="invalidLocal" time="0.0">
    <ignored/>
  </testcase> <!-- invalidLocal -->
  <testcase classname="in.redbus.tests.BusHire" name="invalidOutstation" time="0.0">
    <ignored/>
  </testcase> <!-- invalidOutstation -->
</testsuite> <!-- Default test -->
