<?xml version="1.0" encoding="UTF-8"?>
<!-- Generated by org.testng.reporters.JUnitXMLReporter -->
<testsuite ignored="2" hostname="julianbenny" failures="0" tests="5" name="Test" time="44.053" errors="0" timestamp="23 Jun 2021 11:56:38 GMT">
  <testcase classname="in.redbus.tests.SearchBus" name="invalidDateSearchBus" time="0.037">
    <skipped/>
  </testcase> <!-- invalidDateSearchBus -->
  <testcase classname="in.redbus.tests.SearchBus" name="invalidLocSearchBus" time="0.005">
    <skipped/>
  </testcase> <!-- invalidLocSearchBus -->
  <testcase classname="in.redbus.tests.SearchBus" name="validSearchBus" time="0.005">
    <skipped/>
  </testcase> <!-- validSearchBus -->
  <testcase classname="in.redbus.tests.HomePageButtons" name="helpButton" time="4.54"/>
  <testcase classname="in.redbus.tests.HomePageButtons" name="redbusButtonFunctionality" time="6.181"/>
  <testcase classname="in.redbus.tests.BaseTest" name="@BeforeSuite setExtent" time="0.0">
    <ignored/>
  </testcase> <!-- @BeforeSuite setExtent -->
  <testcase classname="in.redbus.tests.BaseTest" name="@AfterSuite endReport" time="0.0">
    <ignored/>
  </testcase> <!-- @AfterSuite endReport -->
</testsuite> <!-- Test -->
