<?xml version="1.0" encoding="UTF-8"?>
<testng-results ignored="3" total="4" passed="1" failed="0" skipped="0">
  <reporter-output>
  </reporter-output>
  <suite started-at="2021-08-10T07:22:07Z" name="Default suite" finished-at="2021-08-10T07:23:11Z" duration-ms="64053">
    <groups>
    </groups>
    <test started-at="2021-08-10T07:22:07Z" name="Default test" finished-at="2021-08-10T07:23:11Z" duration-ms="64053">
      <class name="in.redbus.tests.BusHire">
        <test-method is-config="true" signature="setExtent()[pri:0, instance:in.redbus.tests.BusHire@3277e499]" started-at="2021-08-10T07:22:06Z" name="setExtent" finished-at="2021-08-10T07:22:07Z" duration-ms="763" status="PASS">
          <reporter-output>
          </reporter-output>
        </test-method> <!-- setExtent -->
        <test-method is-config="true" signature="intializeWebdriver()[pri:0, instance:in.redbus.tests.BusHire@3277e499]" started-at="2021-08-10T07:22:07Z" name="intializeWebdriver" finished-at="2021-08-10T07:22:22Z" duration-ms="15287" status="PASS">
          <reporter-output>
          </reporter-output>
        </test-method> <!-- intializeWebdriver -->
        <test-method is-config="true" signature="openBrowser()[pri:0, instance:in.redbus.tests.BusHire@3277e499]" started-at="2021-08-10T07:22:22Z" name="openBrowser" finished-at="2021-08-10T07:22:34Z" duration-ms="11431" status="PASS">
          <reporter-output>
          </reporter-output>
        </test-method> <!-- openBrowser -->
        <test-method signature="validOutstation()[pri:0, instance:in.redbus.tests.BusHire@3277e499]" started-at="2021-08-10T07:22:34Z" name="validOutstation" finished-at="2021-08-10T07:23:11Z" duration-ms="37228" status="PASS">
          <reporter-output>
          </reporter-output>
        </test-method> <!-- validOutstation -->
        <test-method is-config="true" signature="tearDown(org.testng.ITestResult)[pri:0, instance:in.redbus.tests.BusHire@3277e499]" started-at="2021-08-10T07:23:11Z" name="tearDown" finished-at="2021-08-10T07:23:11Z" duration-ms="16" status="PASS">
          <params>
            <param index="0">
              <value>
                <![CDATA[[TestResult name=validOutstation status=SUCCESS method=BusHire.validOutstation()[pri:0, instance:in.redbus.tests.BusHire@3277e499] output={null}]]]>
              </value>
            </param>
          </params>
          <reporter-output>
          </reporter-output>
        </test-method> <!-- tearDown -->
        <test-method is-config="true" signature="endReport()[pri:0, instance:in.redbus.tests.BusHire@3277e499]" started-at="2021-08-10T07:23:11Z" name="endReport" finished-at="2021-08-10T07:23:13Z" duration-ms="2448" status="PASS">
          <reporter-output>
          </reporter-output>
        </test-method> <!-- endReport -->
      </class> <!-- in.redbus.tests.BusHire -->
    </test> <!-- Default test -->
  </suite> <!-- Default suite -->
</testng-results>
